<?xml version="1.0" encoding="UTF-8"?>
<!-- Generated by org.testng.reporters.JUnitReportReporter -->
<testsuite hostname="DESKTOP-MLS8Q33" failures="0" tests="1" name="tests.loggingtest.LoggingTest" time="1.729" errors="0" timestamp="2025-05-27T12:27:08 GMT+05:00" skipped="0">
  <testcase classname="tests.loggingtest.LoggingTest" name="loginTest" time="1.729"/>
  <system-out/>
</testsuite> <!-- tests.loggingtest.LoggingTest -->
