<?xml version="1.0" encoding="UTF-8"?>
<!-- Generated by org.testng.reporters.JUnitReportReporter -->
<testsuite hostname="DESKTOP-MLS8Q33" failures="0" tests="1" name="tests.searchtest.SearchTest" time="2.715" errors="0" timestamp="2025-05-27T12:27:08 GMT+05:00" skipped="0">
  <testcase classname="tests.searchtest.SearchTest" name="loginTest" time="2.715"/>
  <system-out/>
</testsuite> <!-- tests.searchtest.SearchTest -->
